<?xml version="1.0" encoding="UTF-8"?>
<testsuite xmlns:xsi="http://www.w3.org/2001/XMLSchema-instance" xsi:noNamespaceSchemaLocation="https://maven.apache.org/surefire/maven-surefire-plugin/xsd/surefire-test-report-3.0.xsd" version="3.0" name="bank.Stin.PostControllerTest" time="22.286" tests="14" errors="0" skipped="0" failures="0">
  <properties>
[...]
</properties>
  <testcase name="ApiReqHistPostCorrect" classname="bank.Stin.PostControllerTest" time="7.24">
    <system-out><![CDATA[11:09:54.282 [main] INFO org.springframework.test.context.support.AnnotationConfigContextLoaderUtils -- Could not detect default configuration classes for test class [bank.Stin.PostControllerTest]: PostControllerTest does not declare any static, non-private, non-final, nested classes annotated with @Configuration.
11:09:55.250 [main] INFO org.springframework.boot.test.context.SpringBootTestContextBootstrapper -- Found @SpringBootConfiguration bank.Stin.Application for test class bank.Stin.PostControllerTest

  .   ____          _            __ _ _
 /\\ / ___'_ __ _ _(_)_ __  __ _ \ \ \ \
( ( )\___ | '_ | '_| | '_ \/ _` | \ \ \ \
 \\/  ___)| |_)| | | | | || (_| |  ) ) ) )
  '  |____| .__|_| |_|_| |_\__, | / / / /
 =========|_|==============|___/=/_/_/_/
 :: Spring Boot ::                (v3.2.5)

2024-05-22T11:09:57.574+02:00  WARN 9348 --- [Stin] [           main] ory$DuplicateJsonObjectContextCustomizer : 

Found multiple occurrences of org.json.JSONObject on the class path:

	jar:file:/C:/Users/Dell/.m2/repository/org/json/json/20210307/json-20210307.jar!/org/json/JSONObject.class
	jar:file:/C:/Users/Dell/.m2/repository/com/vaadin/external/google/android-json/0.0.20131108.vaadin1/android-json-0.0.20131108.vaadin1.jar!/org/json/JSONObject.class

You may wish to exclude one of them to ensure predictable runtime behavior

2024-05-22T11:09:57.659+02:00  INFO 9348 --- [Stin] [           main] bank.Stin.PostControllerTest             : Starting PostControllerTest using Java 17.0.2 with PID 9348 (started by Dell in C:\Users\Dell\Documents\NetBeansProjects\STIN_Sem)
2024-05-22T11:09:57.661+02:00  INFO 9348 --- [Stin] [           main] bank.Stin.PostControllerTest             : No active profile set, falling back to 1 default profile: "default"
2024-05-22T11:10:02.992+02:00  INFO 9348 --- [Stin] [           main] o.s.b.a.w.s.WelcomePageHandlerMapping    : Adding welcome page: class path resource [static/index.html]
2024-05-22T11:10:05.051+02:00  INFO 9348 --- [Stin] [           main] o.s.b.t.m.w.SpringBootMockServletContext : Initializing Spring TestDispatcherServlet ''
2024-05-22T11:10:05.052+02:00  INFO 9348 --- [Stin] [           main] o.s.t.web.servlet.TestDispatcherServlet  : Initializing Servlet ''
2024-05-22T11:10:05.062+02:00  INFO 9348 --- [Stin] [           main] o.s.t.web.servlet.TestDispatcherServlet  : Completed initialization in 4 ms
2024-05-22T11:10:05.141+02:00  INFO 9348 --- [Stin] [           main] bank.Stin.PostControllerTest             : Started PostControllerTest in 8.893 seconds (process running for 19.208)
]]></system-out>
  </testcase>
  <testcase name="LoginHandleCorrect" classname="bank.Stin.PostControllerTest" time="0.736"/>
  <testcase name="loadPlaceCorrect" classname="bank.Stin.PostControllerTest" time="0.008"/>
  <testcase name="ApiReqPostCorrect" classname="bank.Stin.PostControllerTest" time="0.293"/>
  <testcase name="PostControllerWrong" classname="bank.Stin.PostControllerTest" time="0.276">
    <system-out><![CDATA[Missing hourly field.
org.json.JSONException: JSONObject["hourly"] not found.
]]></system-out>
  </testcase>
  <testcase name="LoginHandleWorng" classname="bank.Stin.PostControllerTest" time="0.013"/>
  <testcase name="RegisterHandleCorrect" classname="bank.Stin.PostControllerTest" time="0.016">
    <system-out><![CDATA[src\main\resources\data\login.txt
]]></system-out>
  </testcase>
  <testcase name="PostControllerHistCorrect" classname="bank.Stin.PostControllerTest" time="0.333">
    <system-out><![CDATA[{"elevation":14,"hourly_units":{"time":"iso8601","weather_code":"wmo code"},"generationtime_ms":0.1850128173828125,"timezone_abbreviation":"GMT","timezone":"GMT","latitude":50.22847,"utc_offset_seconds":0,"hourly":{"time":["2024-05-15T00:00","2024-05-15T01:00","2024-05-15T02:00","2024-05-15T03:00","2024-05-15T04:00","2024-05-15T05:00","2024-05-15T06:00","2024-05-15T07:00","2024-05-15T08:00","2024-05-15T09:00","2024-05-15T10:00","2024-05-15T11:00","2024-05-15T12:00","2024-05-15T13:00","2024-05-15T14:00","2024-05-15T15:00","2024-05-15T16:00","2024-05-15T17:00","2024-05-15T18:00","2024-05-15T19:00","2024-05-15T20:00","2024-05-15T21:00","2024-05-15T22:00","2024-05-15T23:00"],"weather_code":[0,0,1,1,1,2,3,3,3,3,3,3,3,3,3,3,3,3,3,3,3,3,3,51]},"longitude":50.210526}
]]></system-out>
  </testcase>
  <testcase name="ApiReqHistGetCorrect" classname="bank.Stin.PostControllerTest" time="0.062"/>
  <testcase name="submitPlaceCorrect" classname="bank.Stin.PostControllerTest" time="0.012"/>
  <testcase name="PostControllerHistWrong" classname="bank.Stin.PostControllerTest" time="0.32">
    <system-out><![CDATA[{"reason":"Latitude must be in range of -90 to 90Â°. Given: 91.23.","error":true}
Missing hourly field.
org.json.JSONException: JSONObject["hourly"] not found.
]]></system-out>
  </testcase>
  <testcase name="ApiReqGetCorrect" classname="bank.Stin.PostControllerTest" time="0.011"/>
  <testcase name="RegisterHandleWrong" classname="bank.Stin.PostControllerTest" time="0.01">
    <system-out><![CDATA[Password has to be English alphabet and numbers only.
]]></system-out>
  </testcase>
  <testcase name="PostControllerCorrect" classname="bank.Stin.PostControllerTest" time="0.299"/>
</testsuite>