<?xml version="1.0" encoding="UTF-8"?>
<testsuite xmlns:xsi="http://www.w3.org/2001/XMLSchema-instance" xsi:noNamespaceSchemaLocation="https://maven.apache.org/surefire/maven-surefire-plugin/xsd/surefire-test-report-3.0.xsd" version="3.0" name="bank.Stin.PostControllerTest" time="11.634" tests="14" errors="5" skipped="0" failures="0">
  <properties>
[...]
</properties>
  <testcase name="ApiReqHistPostCorrect" classname="bank.Stin.PostControllerTest" time="3.038">
    <error message="data\temp.txt (Systém nemůže nalézt uvedenou cestu)" type="java.io.FileNotFoundException"><![CDATA[java.io.FileNotFoundException: data\temp.txt (Systém nemůže nalézt uvedenou cestu)
	at java.base/java.io.FileOutputStream.open0(Native Method)
	at java.base/java.io.FileOutputStream.open(FileOutputStream.java:293)
	at java.base/java.io.FileOutputStream.<init>(FileOutputStream.java:235)
	at java.base/java.io.FileOutputStream.<init>(FileOutputStream.java:123)
	at bank.Stin.PostController.handleApiFullHistCall(PostController.java:101)
	at bank.Stin.PostControllerTest.ApiReqHistPostCorrect(PostControllerTest.java:84)
	at java.base/java.lang.reflect.Method.invoke(Method.java:568)
	at java.base/java.util.ArrayList.forEach(ArrayList.java:1511)
	at java.base/java.util.ArrayList.forEach(ArrayList.java:1511)
]]></error>
    <system-out><![CDATA[12:13:12.619 [main] INFO org.springframework.test.context.support.AnnotationConfigContextLoaderUtils -- Could not detect default configuration classes for test class [bank.Stin.PostControllerTest]: PostControllerTest does not declare any static, non-private, non-final, nested classes annotated with @Configuration.
12:13:13.029 [main] INFO org.springframework.boot.test.context.SpringBootTestContextBootstrapper -- Found @SpringBootConfiguration bank.Stin.Application for test class bank.Stin.PostControllerTest

  .   ____          _            __ _ _
 /\\ / ___'_ __ _ _(_)_ __  __ _ \ \ \ \
( ( )\___ | '_ | '_| | '_ \/ _` | \ \ \ \
 \\/  ___)| |_)| | | | | || (_| |  ) ) ) )
  '  |____| .__|_| |_|_| |_\__, | / / / /
 =========|_|==============|___/=/_/_/_/
 :: Spring Boot ::                (v3.2.5)

2024-05-23T12:13:14.653+02:00  WARN 19532 --- [Stin] [           main] ory$DuplicateJsonObjectContextCustomizer : 

Found multiple occurrences of org.json.JSONObject on the class path:

	jar:file:/C:/Users/Dell/.m2/repository/org/json/json/20210307/json-20210307.jar!/org/json/JSONObject.class
	jar:file:/C:/Users/Dell/.m2/repository/com/vaadin/external/google/android-json/0.0.20131108.vaadin1/android-json-0.0.20131108.vaadin1.jar!/org/json/JSONObject.class

You may wish to exclude one of them to ensure predictable runtime behavior

2024-05-23T12:13:14.752+02:00  INFO 19532 --- [Stin] [           main] bank.Stin.PostControllerTest             : Starting PostControllerTest using Java 17.0.2 with PID 19532 (started by Dell in C:\Users\Dell\Documents\NetBeansProjects\STIN_Sem)
2024-05-23T12:13:14.754+02:00  INFO 19532 --- [Stin] [           main] bank.Stin.PostControllerTest             : No active profile set, falling back to 1 default profile: "default"
2024-05-23T12:13:17.904+02:00  INFO 19532 --- [Stin] [           main] o.s.b.a.w.s.WelcomePageHandlerMapping    : Adding welcome page: class path resource [static/index.html]
2024-05-23T12:13:19.003+02:00  INFO 19532 --- [Stin] [           main] o.s.b.t.m.w.SpringBootMockServletContext : Initializing Spring TestDispatcherServlet ''
2024-05-23T12:13:19.003+02:00  INFO 19532 --- [Stin] [           main] o.s.t.web.servlet.TestDispatcherServlet  : Initializing Servlet ''
2024-05-23T12:13:19.008+02:00  INFO 19532 --- [Stin] [           main] o.s.t.web.servlet.TestDispatcherServlet  : Completed initialization in 2 ms
2024-05-23T12:13:19.067+02:00  INFO 19532 --- [Stin] [           main] bank.Stin.PostControllerTest             : Started PostControllerTest in 5.416 seconds (process running for 11.502)
]]></system-out>
  </testcase>
  <testcase name="LoginHandleCorrect" classname="bank.Stin.PostControllerTest" time="0.207">
    <system-out><![CDATA[java.io.BufferedInputStream@73c25e8
]]></system-out>
  </testcase>
  <testcase name="loadPlaceCorrect" classname="bank.Stin.PostControllerTest" time="0.006"/>
  <testcase name="ApiReqPostCorrect" classname="bank.Stin.PostControllerTest" time="0.248">
    <error message="data\temp.txt (Systém nemůže nalézt uvedenou cestu)" type="java.io.FileNotFoundException"><![CDATA[java.io.FileNotFoundException: data\temp.txt (Systém nemůže nalézt uvedenou cestu)
	at java.base/java.io.FileOutputStream.open0(Native Method)
	at java.base/java.io.FileOutputStream.open(FileOutputStream.java:293)
	at java.base/java.io.FileOutputStream.<init>(FileOutputStream.java:235)
	at java.base/java.io.FileOutputStream.<init>(FileOutputStream.java:123)
	at bank.Stin.PostController.handleApiFullCall(PostController.java:59)
	at bank.Stin.PostControllerTest.ApiReqPostCorrect(PostControllerTest.java:66)
	at java.base/java.lang.reflect.Method.invoke(Method.java:568)
	at java.base/java.util.ArrayList.forEach(ArrayList.java:1511)
	at java.base/java.util.ArrayList.forEach(ArrayList.java:1511)
]]></error>
  </testcase>
  <testcase name="PostControllerWrong" classname="bank.Stin.PostControllerTest" time="0.21">
    <system-out><![CDATA[Missing hourly field.
org.json.JSONException: JSONObject["hourly"] not found.
]]></system-out>
  </testcase>
  <testcase name="LoginHandleWorng" classname="bank.Stin.PostControllerTest" time="0.011">
    <system-out><![CDATA[java.io.BufferedInputStream@72378bfd
]]></system-out>
  </testcase>
  <testcase name="RegisterHandleCorrect" classname="bank.Stin.PostControllerTest" time="0.015">
    <error message="data\login.txt (Systém nemůže nalézt uvedenou cestu)" type="java.io.FileNotFoundException"><![CDATA[java.io.FileNotFoundException: data\login.txt (Systém nemůže nalézt uvedenou cestu)
	at java.base/java.io.FileOutputStream.open0(Native Method)
	at java.base/java.io.FileOutputStream.open(FileOutputStream.java:293)
	at java.base/java.io.FileOutputStream.<init>(FileOutputStream.java:235)
	at java.base/java.io.FileOutputStream.<init>(FileOutputStream.java:155)
	at bank.Stin.PostController.handleRegisterAttempt(PostController.java:166)
	at java.base/jdk.internal.reflect.NativeMethodAccessorImpl.invoke0(Native Method)
	at java.base/jdk.internal.reflect.NativeMethodAccessorImpl.invoke(NativeMethodAccessorImpl.java:77)
	at java.base/jdk.internal.reflect.DelegatingMethodAccessorImpl.invoke(DelegatingMethodAccessorImpl.java:43)
	at java.base/java.lang.reflect.Method.invoke(Method.java:568)
	at org.springframework.web.method.support.InvocableHandlerMethod.doInvoke(InvocableHandlerMethod.java:255)
	at org.springframework.web.method.support.InvocableHandlerMethod.invokeForRequest(InvocableHandlerMethod.java:188)
	at org.springframework.web.servlet.mvc.method.annotation.ServletInvocableHandlerMethod.invokeAndHandle(ServletInvocableHandlerMethod.java:118)
	at org.springframework.web.servlet.mvc.method.annotation.RequestMappingHandlerAdapter.invokeHandlerMethod(RequestMappingHandlerAdapter.java:926)
	at org.springframework.web.servlet.mvc.method.annotation.RequestMappingHandlerAdapter.handleInternal(RequestMappingHandlerAdapter.java:831)
	at org.springframework.web.servlet.mvc.method.AbstractHandlerMethodAdapter.handle(AbstractHandlerMethodAdapter.java:87)
	at org.springframework.web.servlet.DispatcherServlet.doDispatch(DispatcherServlet.java:1089)
	at org.springframework.web.servlet.DispatcherServlet.doService(DispatcherServlet.java:979)
	at org.springframework.web.servlet.FrameworkServlet.processRequest(FrameworkServlet.java:1014)
	at org.springframework.web.servlet.FrameworkServlet.doPost(FrameworkServlet.java:914)
	at jakarta.servlet.http.HttpServlet.service(HttpServlet.java:590)
	at org.springframework.web.servlet.FrameworkServlet.service(FrameworkServlet.java:885)
	at org.springframework.test.web.servlet.TestDispatcherServlet.service(TestDispatcherServlet.java:72)
	at jakarta.servlet.http.HttpServlet.service(HttpServlet.java:658)
	at org.springframework.mock.web.MockFilterChain$ServletFilterProxy.doFilter(MockFilterChain.java:165)
	at org.springframework.mock.web.MockFilterChain.doFilter(MockFilterChain.java:132)
	at org.springframework.web.filter.RequestContextFilter.doFilterInternal(RequestContextFilter.java:100)
	at org.springframework.web.filter.OncePerRequestFilter.doFilter(OncePerRequestFilter.java:116)
	at org.springframework.test.web.servlet.setup.MockMvcFilterDecorator.doFilter(MockMvcFilterDecorator.java:151)
	at org.springframework.mock.web.MockFilterChain.doFilter(MockFilterChain.java:132)
	at org.springframework.web.filter.FormContentFilter.doFilterInternal(FormContentFilter.java:93)
	at org.springframework.web.filter.OncePerRequestFilter.doFilter(OncePerRequestFilter.java:116)
	at org.springframework.test.web.servlet.setup.MockMvcFilterDecorator.doFilter(MockMvcFilterDecorator.java:151)
	at org.springframework.mock.web.MockFilterChain.doFilter(MockFilterChain.java:132)
	at org.springframework.web.filter.CharacterEncodingFilter.doFilterInternal(CharacterEncodingFilter.java:201)
	at org.springframework.web.filter.OncePerRequestFilter.doFilter(OncePerRequestFilter.java:116)
	at org.springframework.test.web.servlet.setup.MockMvcFilterDecorator.doFilter(MockMvcFilterDecorator.java:151)
	at org.springframework.mock.web.MockFilterChain.doFilter(MockFilterChain.java:132)
	at org.springframework.test.web.servlet.MockMvc.perform(MockMvc.java:201)
	at bank.Stin.PostControllerTest.RegisterHandleCorrect(PostControllerTest.java:139)
	at java.base/java.lang.reflect.Method.invoke(Method.java:568)
	at java.base/java.util.ArrayList.forEach(ArrayList.java:1511)
	at java.base/java.util.ArrayList.forEach(ArrayList.java:1511)
]]></error>
  </testcase>
  <testcase name="PostControllerHistCorrect" classname="bank.Stin.PostControllerTest" time="0.269">
    <system-out><![CDATA[{"elevation":14,"hourly_units":{"time":"iso8601","weather_code":"wmo code"},"generationtime_ms":0.1569986343383789,"timezone_abbreviation":"GMT","timezone":"GMT","latitude":50.22847,"utc_offset_seconds":0,"hourly":{"time":["2024-05-15T00:00","2024-05-15T01:00","2024-05-15T02:00","2024-05-15T03:00","2024-05-15T04:00","2024-05-15T05:00","2024-05-15T06:00","2024-05-15T07:00","2024-05-15T08:00","2024-05-15T09:00","2024-05-15T10:00","2024-05-15T11:00","2024-05-15T12:00","2024-05-15T13:00","2024-05-15T14:00","2024-05-15T15:00","2024-05-15T16:00","2024-05-15T17:00","2024-05-15T18:00","2024-05-15T19:00","2024-05-15T20:00","2024-05-15T21:00","2024-05-15T22:00","2024-05-15T23:00"],"weather_code":[0,0,1,1,1,2,3,3,3,3,3,3,3,3,3,3,3,3,3,3,3,3,3,51]},"longitude":50.210526}
]]></system-out>
  </testcase>
  <testcase name="ApiReqHistGetCorrect" classname="bank.Stin.PostControllerTest" time="0.01"/>
  <testcase name="submitPlaceCorrect" classname="bank.Stin.PostControllerTest" time="0.008">
    <error message="data\test.txt (Systém nemůže nalézt uvedenou cestu)" type="java.io.FileNotFoundException"><![CDATA[java.io.FileNotFoundException: data\test.txt (Systém nemůže nalézt uvedenou cestu)
	at java.base/java.io.FileOutputStream.open0(Native Method)
	at java.base/java.io.FileOutputStream.open(FileOutputStream.java:293)
	at java.base/java.io.FileOutputStream.<init>(FileOutputStream.java:235)
	at java.base/java.io.FileOutputStream.<init>(FileOutputStream.java:155)
	at bank.Stin.PostController.handleNewPlace(PostController.java:187)
	at bank.Stin.PostControllerTest.submitPlaceCorrect(PostControllerTest.java:166)
	at java.base/java.lang.reflect.Method.invoke(Method.java:568)
	at java.base/java.util.ArrayList.forEach(ArrayList.java:1511)
	at java.base/java.util.ArrayList.forEach(ArrayList.java:1511)
]]></error>
  </testcase>
  <testcase name="PostControllerHistWrong" classname="bank.Stin.PostControllerTest" time="0.253">
    <system-out><![CDATA[{"reason":"Latitude must be in range of -90 to 90Â°. Given: 91.23.","error":true}
Missing hourly field.
org.json.JSONException: JSONObject["hourly"] not found.
]]></system-out>
  </testcase>
  <testcase name="ApiReqGetCorrect" classname="bank.Stin.PostControllerTest" time="0.007"/>
  <testcase name="RegisterHandleWrong" classname="bank.Stin.PostControllerTest" time="0.006">
    <error message="data\login.txt (Systém nemůže nalézt uvedenou cestu)" type="java.io.FileNotFoundException"><![CDATA[java.io.FileNotFoundException: data\login.txt (Systém nemůže nalézt uvedenou cestu)
	at java.base/java.io.FileOutputStream.open0(Native Method)
	at java.base/java.io.FileOutputStream.open(FileOutputStream.java:293)
	at java.base/java.io.FileOutputStream.<init>(FileOutputStream.java:235)
	at java.base/java.io.FileOutputStream.<init>(FileOutputStream.java:155)
	at bank.Stin.PostController.handleRegisterAttempt(PostController.java:166)
	at java.base/jdk.internal.reflect.NativeMethodAccessorImpl.invoke0(Native Method)
	at java.base/jdk.internal.reflect.NativeMethodAccessorImpl.invoke(NativeMethodAccessorImpl.java:77)
	at java.base/jdk.internal.reflect.DelegatingMethodAccessorImpl.invoke(DelegatingMethodAccessorImpl.java:43)
	at java.base/java.lang.reflect.Method.invoke(Method.java:568)
	at org.springframework.web.method.support.InvocableHandlerMethod.doInvoke(InvocableHandlerMethod.java:255)
	at org.springframework.web.method.support.InvocableHandlerMethod.invokeForRequest(InvocableHandlerMethod.java:188)
	at org.springframework.web.servlet.mvc.method.annotation.ServletInvocableHandlerMethod.invokeAndHandle(ServletInvocableHandlerMethod.java:118)
	at org.springframework.web.servlet.mvc.method.annotation.RequestMappingHandlerAdapter.invokeHandlerMethod(RequestMappingHandlerAdapter.java:926)
	at org.springframework.web.servlet.mvc.method.annotation.RequestMappingHandlerAdapter.handleInternal(RequestMappingHandlerAdapter.java:831)
	at org.springframework.web.servlet.mvc.method.AbstractHandlerMethodAdapter.handle(AbstractHandlerMethodAdapter.java:87)
	at org.springframework.web.servlet.DispatcherServlet.doDispatch(DispatcherServlet.java:1089)
	at org.springframework.web.servlet.DispatcherServlet.doService(DispatcherServlet.java:979)
	at org.springframework.web.servlet.FrameworkServlet.processRequest(FrameworkServlet.java:1014)
	at org.springframework.web.servlet.FrameworkServlet.doPost(FrameworkServlet.java:914)
	at jakarta.servlet.http.HttpServlet.service(HttpServlet.java:590)
	at org.springframework.web.servlet.FrameworkServlet.service(FrameworkServlet.java:885)
	at org.springframework.test.web.servlet.TestDispatcherServlet.service(TestDispatcherServlet.java:72)
	at jakarta.servlet.http.HttpServlet.service(HttpServlet.java:658)
	at org.springframework.mock.web.MockFilterChain$ServletFilterProxy.doFilter(MockFilterChain.java:165)
	at org.springframework.mock.web.MockFilterChain.doFilter(MockFilterChain.java:132)
	at org.springframework.web.filter.RequestContextFilter.doFilterInternal(RequestContextFilter.java:100)
	at org.springframework.web.filter.OncePerRequestFilter.doFilter(OncePerRequestFilter.java:116)
	at org.springframework.test.web.servlet.setup.MockMvcFilterDecorator.doFilter(MockMvcFilterDecorator.java:151)
	at org.springframework.mock.web.MockFilterChain.doFilter(MockFilterChain.java:132)
	at org.springframework.web.filter.FormContentFilter.doFilterInternal(FormContentFilter.java:93)
	at org.springframework.web.filter.OncePerRequestFilter.doFilter(OncePerRequestFilter.java:116)
	at org.springframework.test.web.servlet.setup.MockMvcFilterDecorator.doFilter(MockMvcFilterDecorator.java:151)
	at org.springframework.mock.web.MockFilterChain.doFilter(MockFilterChain.java:132)
	at org.springframework.web.filter.CharacterEncodingFilter.doFilterInternal(CharacterEncodingFilter.java:201)
	at org.springframework.web.filter.OncePerRequestFilter.doFilter(OncePerRequestFilter.java:116)
	at org.springframework.test.web.servlet.setup.MockMvcFilterDecorator.doFilter(MockMvcFilterDecorator.java:151)
	at org.springframework.mock.web.MockFilterChain.doFilter(MockFilterChain.java:132)
	at org.springframework.test.web.servlet.MockMvc.perform(MockMvc.java:201)
	at bank.Stin.PostControllerTest.RegisterHandleWrong(PostControllerTest.java:149)
	at java.base/java.lang.reflect.Method.invoke(Method.java:568)
	at java.base/java.util.ArrayList.forEach(ArrayList.java:1511)
	at java.base/java.util.ArrayList.forEach(ArrayList.java:1511)
]]></error>
  </testcase>
  <testcase name="PostControllerCorrect" classname="bank.Stin.PostControllerTest" time="0.232"/>
</testsuite>